This is pdfTeX, Version 3.141592653-2.6-1.40.22 (TeX Live 2021) (preloaded format=pdflatex)
 restricted \write18 enabled.
entering extended mode
(./main.tex
LaTeX2e <2020-10-01> patch level 4
L3 programming layer <2021-02-18> (./setup.tex
(/usr/local/texlive/2021/texmf-dist/tex/latex/base/book.cls
Document Class: book 2020/04/10 v1.4m Standard LaTeX document class
(/usr/local/texlive/2021/texmf-dist/tex/latex/base/bk11.clo))
(/usr/local/texlive/2021/texmf-dist/tex/latex/psnfss/helvet.sty
(/usr/local/texlive/2021/texmf-dist/tex/latex/graphics/keyval.sty))
(/usr/local/texlive/2021/texmf-dist/tex/latex/natbib/natbib.sty))
(/usr/local/texlive/2021/texmf-dist/tex/latex/psnfss/ot1phv.fd)
(/usr/local/texlive/2021/texmf-dist/tex/latex/l3backend/l3backend-pdftex.def)
(./main.aux (./chapter/01_Cover.aux) (./chapter/02_Introduction.aux)
(./chapter/03_Theory.aux) (./chapter/04_Development.aux)
(./chapter/05_Evaluation.aux) (./chapter/06_Discussion.aux)
(./chapter/07_References.aux) (./chapter/08_References.aux))
(./chapter/01_Cover.tex) [1{/usr/local/texlive/2021/texmf-var/fonts/map/pdftex/
updmap/pdftex.map}] [2] (./chapter/02_Introduction.tex

Package natbib Warning: Citation `ieee_industrial_electronics_society_mfi_2003'
 on page i undefined on input line 3.

) [1] [2] (./chapter/03_Theory.tex

Package natbib Warning: Citation `ieee_industrial_electronics_society_mfi_2003'
 on page 1 undefined on input line 17.

) [1] (./chapter/04_Development.tex) [2] (./chapter/05_Evaluation.tex) [3]
(./chapter/06_Discussion.tex) [4]
No file chapter/07_References.tex.
(./chapter/08_References.tex (./main.bbl

Package natbib Warning: Empty `thebibliography' environment on input line 3.

)) [5]

Package natbib Warning: There were undefined citations.

(./main.aux (./chapter/01_Cover.aux) (./chapter/02_Introduction.aux)
(./chapter/03_Theory.aux) (./chapter/04_Development.aux)
(./chapter/05_Evaluation.aux) (./chapter/06_Discussion.aux)
(./chapter/07_References.aux) (./chapter/08_References.aux)) ){/usr/local/texli
ve/2021/texmf-dist/fonts/enc/dvips/base/8r.enc}</usr/local/texlive/2021/texmf-d
ist/fonts/type1/urw/helvetic/uhvb8a.pfb></usr/local/texlive/2021/texmf-dist/fon
ts/type1/urw/helvetic/uhvr8a.pfb>
Output written on main.pdf (9 pages, 28069 bytes).
Transcript written on main.log.
